2026-06-25 11:24:14,390 — Запуск программы
2026-06-25 11:24:20,259 — Выбор пункта меню: 1 — О себе
2026-06-25 11:24:34,412 — Выбор пункта меню: 7 — Мои лучшие работы
2026-06-25 11:24:48,680 — Выбор пункта меню: 10 — Логотип (Turtle)
2026-06-25 11:24:48,690 — Запуск Turtle логотипа
2026-06-25 11:25:27,415 — Выбор пункта меню: 8 — GitHub
2026-06-25 11:25:35,127 — Выбор пункта меню: 9 — Поиск по портфолио
2026-06-25 11:25:39,068 — Поиск: «я»
2026-06-25 11:25:47,471 — Выбор пункта меню: 6 — Хобби и интересы
2026-06-25 11:25:58,781 — Выбор пункта меню: 4 — Мой ментор
2026-06-25 11:26:17,098 — Выбор пункта меню: 2 — Моя цель
2026-06-25 11:35:45,192 — Выбор пункта меню: 7 — Мои лучшие работы
2026-06-25 11:40:42,639 — Выбор пункта меню: 1 — О себе
2026-06-25 11:40:50,284 — Выбор пункта меню: 2 — Моя цель
2026-06-25 11:41:17,119 — Запуск программы
2026-06-25 11:41:19,161 — Выбор пункта меню: 1 — О себе
2026-06-25 11:44:11,027 — Выбор пункта меню: 1 — О себе
2026-06-25 11:44:30,278 — Выбор пункта меню: 1 — О себе
2026-06-25 11:44:35,710 — Выбор пункта меню: 2 — Моя цель
2026-06-25 11:44:43,245 — Выбор пункта меню: 3 — Как я пришёл в IT
2026-06-25 11:45:02,181 — Выбор пункта меню: 4 — Мой ментор
2026-06-25 11:45:17,003 — Выбор пункта меню: 5 — Точка А → Точка Б
2026-06-25 11:45:27,345 — Выбор пункта меню: 7 — Мои лучшие работы
2026-06-25 11:46:35,567 — Выбор пункта меню: 1 — О себе
2026-06-25 11:46:41,842 — Выбор пункта меню: 2 — Моя цель
2026-06-25 11:46:47,640 — Выбор пункта меню: 3 — Как я пришёл в IT
2026-06-25 11:46:55,258 — Выбор пункта меню: 4 — Мой ментор
2026-06-25 11:47:03,622 — Выбор пункта меню: 5 — Точка А → Точка Б
2026-06-25 11:47:08,910 — Выбор пункта меню: 6 — Хобби и интересы
2026-06-25 11:47:15,144 — Выбор пункта меню: 7 — Мои лучшие работы
2026-06-25 11:53:08,238 — Выбор пункта меню: 10 — Логотип (Turtle)
2026-06-25 11:53:08,250 — Запуск Turtle логотипа
2026-06-25 11:53:42,391 — Запуск программы
2026-06-25 11:53:44,376 — Выбор пункта меню: 10 — Логотип (Turtle)
2026-06-25 11:53:44,387 — Запуск Turtle логотипа
2026-06-25 12:12:50,477 — Выход из программы
2026-06-25 12:23:12,379 — Запуск программы
2026-06-25 12:23:16,600 — Выход из программы
2026-06-25 12:26:29,923 — Запуск программы
2026-06-25 12:26:31,992 — Выход из программы
2026-06-25 19:22:33,864 — Запуск программы
2026-06-25 19:25:17,398 — Выбор пункта меню: 1 — О себе
2026-06-25 19:25:25,820 — Выбор пункта меню: 10 — Логотип (Turtle)
2026-06-25 19:25:25,832 — Запуск Turtle логотипа
2026-06-25 19:27:34,452 — Выбор пункта меню: 10 — Логотип (Turtle)
2026-06-25 19:27:34,463 — Запуск Turtle логотипа
2026-06-25 19:27:50,688 — Выбор пункта меню: 10 — Логотип (Turtle)
2026-06-25 19:27:50,700 — Запуск Turtle логотипа
2026-06-25 19:28:22,437 — Выбор пункта меню: 10 — Логотип (Turtle)
2026-06-25 19:28:22,448 — Запуск Turtle логотипа
2026-06-25 19:28:28,620 — Выбор пункта меню: 10 — Логотип (Turtle)
2026-06-25 19:28:28,631 — Запуск Turtle логотипа
2026-06-25 19:28:43,064 — Запуск программы
2026-06-25 19:28:45,193 — Выбор пункта меню: 10 — Логотип (Turtle)
2026-06-25 19:28:45,204 — Запуск Turtle логотипа
2026-06-25 19:29:21,734 — Запуск программы
2026-06-25 19:29:23,498 — Выбор пункта меню: 10 — Логотип (Turtle)
2026-06-25 19:29:23,510 — Запуск Turtle логотипа
2026-06-25 19:29:54,909 — Запуск программы
2026-06-25 19:29:56,931 — Выбор пункта меню: 10 — Логотип (Turtle)
2026-06-25 19:29:56,942 — Запуск Turtle логотипа
2026-06-25 19:30:22,468 — Запуск программы
2026-06-25 19:30:28,736 — Выбор пункта меню: 1 — О себе
2026-06-25 19:31:17,233 — Выбор пункта меню: 2 — Моя цель
2026-06-25 19:31:20,377 — Выбор пункта меню: 3 — Как я пришёл в IT
2026-06-25 19:31:24,615 — Выбор пункта меню: 4 — Мой ментор
2026-06-25 19:31:28,609 — Выбор пункта меню: 5 — Точка А → Точка Б
2026-06-25 19:31:32,558 — Выбор пункта меню: 6 — Хобби и интересы
2026-06-25 19:31:39,119 — Выбор пункта меню: 7 — Мои лучшие работы
2026-06-25 19:31:45,525 — Выбор пункта меню: 8 — GitHub
2026-06-25 19:32:02,159 — Выбор пункта меню: 9 — Поиск по портфолио
2026-06-25 19:32:10,155 — Поиск: «IT»
2026-06-25 19:32:34,178 — Выбор пункта меню: 10 — Логотип (Turtle)
2026-06-25 19:32:34,188 — Запуск Turtle логотипа
2026-06-25 19:32:40,310 — Выход из программы
2026-06-25 19:33:02,005 — Запуск программы
2026-06-25 19:33:05,217 — Выбор пункта меню: 1 — О себе
2026-06-25 19:41:17,330 — Выход из программы
